0 info it worked if it ends with ok
1 verbose cli [ '/usr/local/Cellar/node/6.3.1/bin/node',
1 verbose cli   '/usr/local/bin/npm',
1 verbose cli   'run',
1 verbose cli   'bundle' ]
2 info using npm@3.10.3
3 info using node@v6.3.1
4 verbose run-script [ 'prebundle', 'bundle', 'postbundle' ]
5 info lifecycle edusagaspeech@1.0.0~prebundle: edusagaspeech@1.0.0
6 silly lifecycle edusagaspeech@1.0.0~prebundle: no script for prebundle, continuing
7 info lifecycle edusagaspeech@1.0.0~bundle: edusagaspeech@1.0.0
8 verbose lifecycle edusagaspeech@1.0.0~bundle: unsafe-perm in lifecycle true
9 verbose lifecycle edusagaspeech@1.0.0~bundle: PATH: /usr/local/lib/node_modules/npm/bin/node-gyp-bin:/Users/king/edusagaSpeech/node_modules/.bin:/usr/local/Cellar/node/6.3.1/bin:/Users/king/.rvm/gems/ruby-2.1.3/bin:/Users/king/.rvm/gems/ruby-2.1.3@global/bin:/Users/king/.rvm/rubies/ruby-2.1.3/bin:/usr/local/heroku/bin:/usr/bin:/bin:/usr/sbin:/sbin:/usr/local/bin:/opt/X11/bin:/Users/king/.rvm/bin:/Users/king/apache-maven-3.3.9/bin
10 verbose lifecycle edusagaspeech@1.0.0~bundle: CWD: /Users/king/edusagaSpeech
11 silly lifecycle edusagaspeech@1.0.0~bundle: Args: [ '-c', 'webpack -d --watch' ]
12 silly lifecycle edusagaspeech@1.0.0~bundle: Returned: code: 1  signal: null
13 info lifecycle edusagaspeech@1.0.0~bundle: Failed to exec bundle script
14 verbose stack Error: edusagaspeech@1.0.0 bundle: `webpack -d --watch`
14 verbose stack Exit status 1
14 verbose stack     at EventEmitter.<anonymous> (/usr/local/lib/node_modules/npm/lib/utils/lifecycle.js:242:16)
14 verbose stack     at emitTwo (events.js:106:13)
14 verbose stack     at EventEmitter.emit (events.js:191:7)
14 verbose stack     at ChildProcess.<anonymous> (/usr/local/lib/node_modules/npm/lib/utils/spawn.js:40:14)
14 verbose stack     at emitTwo (events.js:106:13)
14 verbose stack     at ChildProcess.emit (events.js:191:7)
14 verbose stack     at maybeClose (internal/child_process.js:852:16)
14 verbose stack     at Process.ChildProcess._handle.onexit (internal/child_process.js:215:5)
15 verbose pkgid edusagaspeech@1.0.0
16 verbose cwd /Users/king/edusagaSpeech
17 error Darwin 15.5.0
18 error argv "/usr/local/Cellar/node/6.3.1/bin/node" "/usr/local/bin/npm" "run" "bundle"
19 error node v6.3.1
20 error npm  v3.10.3
21 error code ELIFECYCLE
22 error edusagaspeech@1.0.0 bundle: `webpack -d --watch`
22 error Exit status 1
23 error Failed at the edusagaspeech@1.0.0 bundle script 'webpack -d --watch'.
23 error Make sure you have the latest version of node.js and npm installed.
23 error If you do, this is most likely a problem with the edusagaspeech package,
23 error not with npm itself.
23 error Tell the author that this fails on your system:
23 error     webpack -d --watch
23 error You can get information on how to open an issue for this project with:
23 error     npm bugs edusagaspeech
23 error Or if that isn't available, you can get their info via:
23 error     npm owner ls edusagaspeech
23 error There is likely additional logging output above.
24 verbose exit [ 1, true ]
